2021-10-29 14:25:25,586 - remote_connection.py[line:412] - DEBUG: POST http://localhost:54926/session {"capabilities": {"firstMatch": [{}], "alwaysMatch": {"browserName": "chrome", "pageLoadStrategy": "normal", "goog:chromeOptions": {"extensions": [], "args": []}}}, "desiredCapabilities": {"browserName": "chrome", "pageLoadStrategy": "normal", "goog:chromeOptions": {"extensions": [], "args": []}}}
2021-10-29 14:25:25,591 - connectionpool.py[line:227] - DEBUG: Starting new HTTP connection (1): localhost:54926
2021-10-29 14:25:26,295 - connectionpool.py[line:452] - DEBUG: http://localhost:54926 "POST /session HTTP/1.1" 200 790
2021-10-29 14:25:26,298 - remote_connection.py[line:463] - DEBUG: Finished Request
2021-10-29 14:25:26,299 - remote_connection.py[line:412] - DEBUG: POST http://localhost:54926/session/85446ae161f9e36aaa635fffc92c02b7/window/maximize {}
2021-10-29 14:25:26,424 - connectionpool.py[line:452] - DEBUG: http://localhost:54926 "POST /session/85446ae161f9e36aaa635fffc92c02b7/window/maximize HTTP/1.1" 200 51
2021-10-29 14:25:26,425 - remote_connection.py[line:463] - DEBUG: Finished Request
2021-10-29 14:25:26,425 - remote_connection.py[line:412] - DEBUG: POST http://localhost:54926/session/85446ae161f9e36aaa635fffc92c02b7/url {"url": "http://192.168.90.101/login/login.html?service=http://192.168.90.162:8090/ims-pro/"}
2021-10-29 14:25:26,543 - connectionpool.py[line:452] - DEBUG: http://localhost:54926 "POST /session/85446ae161f9e36aaa635fffc92c02b7/url HTTP/1.1" 200 14
2021-10-29 14:25:26,544 - remote_connection.py[line:463] - DEBUG: Finished Request
2021-10-29 14:25:26,544 - remote_connection.py[line:412] - DEBUG: POST http://localhost:54926/session/85446ae161f9e36aaa635fffc92c02b7/timeouts {"implicit": 3000}
2021-10-29 14:25:26,547 - connectionpool.py[line:452] - DEBUG: http://localhost:54926 "POST /session/85446ae161f9e36aaa635fffc92c02b7/timeouts HTTP/1.1" 200 14
2021-10-29 14:25:26,548 - remote_connection.py[line:463] - DEBUG: Finished Request
2021-10-29 14:25:27,562 - remote_connection.py[line:412] - DEBUG: POST http://localhost:54926/session/85446ae161f9e36aaa635fffc92c02b7/element {"using": "css selector", "value": "[id=\"username\"]"}
2021-10-29 14:25:27,603 - connectionpool.py[line:452] - DEBUG: http://localhost:54926 "POST /session/85446ae161f9e36aaa635fffc92c02b7/element HTTP/1.1" 200 88
2021-10-29 14:25:27,605 - remote_connection.py[line:463] - DEBUG: Finished Request
2021-10-29 14:25:27,607 - remote_connection.py[line:412] - DEBUG: POST http://localhost:54926/session/85446ae161f9e36aaa635fffc92c02b7/element/9a6ab83b-515d-46fd-a414-19f3c991451e/value {"text": "csgdcl1", "value": ["c", "s", "g", "d", "c", "l", "1"], "id": "9a6ab83b-515d-46fd-a414-19f3c991451e"}
2021-10-29 14:25:27,728 - connectionpool.py[line:452] - DEBUG: http://localhost:54926 "POST /session/85446ae161f9e36aaa635fffc92c02b7/element/9a6ab83b-515d-46fd-a414-19f3c991451e/value HTTP/1.1" 200 14
2021-10-29 14:25:27,729 - remote_connection.py[line:463] - DEBUG: Finished Request
2021-10-29 14:25:28,735 - remote_connection.py[line:412] - DEBUG: POST http://localhost:54926/session/85446ae161f9e36aaa635fffc92c02b7/element {"using": "css selector", "value": "[id=\"password\"]"}
2021-10-29 14:25:28,751 - connectionpool.py[line:452] - DEBUG: http://localhost:54926 "POST /session/85446ae161f9e36aaa635fffc92c02b7/element HTTP/1.1" 200 88
2021-10-29 14:25:28,752 - remote_connection.py[line:463] - DEBUG: Finished Request
2021-10-29 14:25:28,752 - remote_connection.py[line:412] - DEBUG: POST http://localhost:54926/session/85446ae161f9e36aaa635fffc92c02b7/element/f867af43-ae07-4e3d-9caa-70c2c5fb6d75/value {"text": "123456", "value": ["1", "2", "3", "4", "5", "6"], "id": "f867af43-ae07-4e3d-9caa-70c2c5fb6d75"}
2021-10-29 14:25:28,799 - connectionpool.py[line:452] - DEBUG: http://localhost:54926 "POST /session/85446ae161f9e36aaa635fffc92c02b7/element/f867af43-ae07-4e3d-9caa-70c2c5fb6d75/value HTTP/1.1" 200 14
2021-10-29 14:25:28,800 - remote_connection.py[line:463] - DEBUG: Finished Request
2021-10-29 14:25:29,807 - remote_connection.py[line:412] - DEBUG: POST http://localhost:54926/session/85446ae161f9e36aaa635fffc92c02b7/element {"using": "css selector", "value": "[id=\"login-Button\"]"}
2021-10-29 14:25:29,817 - connectionpool.py[line:452] - DEBUG: http://localhost:54926 "POST /session/85446ae161f9e36aaa635fffc92c02b7/element HTTP/1.1" 200 88
2021-10-29 14:25:29,817 - remote_connection.py[line:463] - DEBUG: Finished Request
2021-10-29 14:25:29,818 - remote_connection.py[line:412] - DEBUG: POST http://localhost:54926/session/85446ae161f9e36aaa635fffc92c02b7/element/b5b7b101-ac41-4b1d-87a8-ce789faebaa1/click {"id": "b5b7b101-ac41-4b1d-87a8-ce789faebaa1"}
2021-10-29 14:25:29,855 - connectionpool.py[line:452] - DEBUG: http://localhost:54926 "POST /session/85446ae161f9e36aaa635fffc92c02b7/element/b5b7b101-ac41-4b1d-87a8-ce789faebaa1/click HTTP/1.1" 200 14
2021-10-29 14:25:29,856 - remote_connection.py[line:463] - DEBUG: Finished Request
2021-10-29 14:25:32,869 - remote_connection.py[line:412] - DEBUG: GET http://localhost:54926/session/85446ae161f9e36aaa635fffc92c02b7/cookie {}
2021-10-29 14:25:32,875 - connectionpool.py[line:452] - DEBUG: http://localhost:54926 "GET /session/85446ae161f9e36aaa635fffc92c02b7/cookie HTTP/1.1" 200 151
2021-10-29 14:25:32,876 - remote_connection.py[line:463] - DEBUG: Finished Request
2021-10-29 14:25:32,877 - remote_connection.py[line:412] - DEBUG: POST http://localhost:54926/session/85446ae161f9e36aaa635fffc92c02b7/element {"using": "xpath", "value": "/html/body/div[1]/nav/div/div[1]/div/span"}
2021-10-29 14:25:32,887 - connectionpool.py[line:452] - DEBUG: http://localhost:54926 "POST /session/85446ae161f9e36aaa635fffc92c02b7/element HTTP/1.1" 200 88
2021-10-29 14:25:32,888 - remote_connection.py[line:463] - DEBUG: Finished Request
2021-10-29 14:25:32,888 - remote_connection.py[line:412] - DEBUG: GET http://localhost:54926/session/85446ae161f9e36aaa635fffc92c02b7/element/aaa9de85-1671-4600-ba4a-d3e2419c2c19/text {"id": "aaa9de85-1671-4600-ba4a-d3e2419c2c19"}
2021-10-29 14:25:32,899 - connectionpool.py[line:452] - DEBUG: http://localhost:54926 "GET /session/85446ae161f9e36aaa635fffc92c02b7/element/aaa9de85-1671-4600-ba4a-d3e2419c2c19/text HTTP/1.1" 200 27
2021-10-29 14:25:32,900 - remote_connection.py[line:463] - DEBUG: Finished Request
